2026-02-08T16:47:24.335Z - ReferenceError: y is not defined
    at exports.issueCredential (/home/zayn/development/attestify/backend/src/controllers/credentialController.js:154:54)
    at process.processTicksAndRejections (node:internal/process/task_queues:95:5)

2026-02-08T16:49:18.300Z - Error: Blockchain transaction failed: execution reverted: "Credential already issued" (action="estimateGas", data="0x08c379a00000000000000000000000000000000000000000000000000000000000000020000000000000000000000000000000000000000000000000000000000000001943726564656e7469616c20616c72656164792069737375656400000000000000", reason="Credential already issued", transaction={ "data": "0x00235df10000000000000000000000000000000000000000000000000000000000000060fb7d0fb6792376f14b651a46b16ef1949a0f71d8293b3709209f0148f13bd6a000000000000000000000000000000000000000000000000000000000000000a0000000000000000000000000000000000000000000000000000000000000000a323032322d43532d333600000000000000000000000000000000000000000000000000000000000000000000000000000000000000000000000000000000003b6261666b7265696833707568336d366a646f337975777a69326932797735346d75746968786477626a686d33717369653761666570636f367775610000000000", "from": "0x8c3D7485B0748cd5188117fa4556dbCeD36E6e7f", "to": "0xFD180F86c7C9F1C73196B1654265036353A394B7" }, invocation=null, revert={ "args": [ "Credential already issued" ], "name": "Error", "signature": "Error(string)" }, code=CALL_EXCEPTION, version=6.15.0)
    at BlockchainService.issueCertificate (/home/zayn/development/attestify/backend/src/services/blockchainService.js:54:13)
    at process.processTicksAndRejections (node:internal/process/task_queues:95:5)
    at async exports.issueCredential (/home/zayn/development/attestify/backend/src/controllers/credentialController.js:373:30)

2026-02-10T10:46:10.812Z - Error: Blockchain transaction failed: execution reverted: "Credential already issued" (action="estimateGas", data="0x08c379a00000000000000000000000000000000000000000000000000000000000000020000000000000000000000000000000000000000000000000000000000000001943726564656e7469616c20616c72656164792069737375656400000000000000", reason="Credential already issued", transaction={ "data": "0x00235df100000000000000000000000000000000000000000000000000000000000000603e10ba33a95facc77626d964c2460c704a34346f002600f87454d00f8a763c6600000000000000000000000000000000000000000000000000000000000000c0000000000000000000000000000000000000000000000000000000000000002a30783863334437343835423037343863643531383831313766613435353664624365443336453665376600000000000000000000000000000000000000000000000000000000000000000000000000000000000000000000000000000000003b6261666b726569623663633564686b6b37767464786d6a777a6d7462656d6464716a69326469337961657961707135637532616879753572346d790000000000", "from": "0x8c3D7485B0748cd5188117fa4556dbCeD36E6e7f", "to": "0xFD180F86c7C9F1C73196B1654265036353A394B7" }, invocation=null, revert={ "args": [ "Credential already issued" ], "name": "Error", "signature": "Error(string)" }, code=CALL_EXCEPTION, version=6.15.0)
    at BlockchainService.issueCertificate (/home/zayn/development/attestify/backend/src/services/blockchainService.js:54:13)
    at process.processTicksAndRejections (node:internal/process/task_queues:95:5)
    at async exports.issueCredential (/home/zayn/development/attestify/backend/src/controllers/credentialController.js:371:30)

2026-02-10T11:05:02.929Z - MongoServerError: E11000 duplicate key error collection: attestify.credentials index: studentId_1 dup key: { studentId: null }
    at InsertOneOperation.handleOk (/home/zayn/development/attestify/backend/node_modules/mongodb/lib/operations/insert.js:51:19)
    at tryOperation (/home/zayn/development/attestify/backend/node_modules/mongodb/lib/operations/execute_operation.js:214:34)
    at process.processTicksAndRejections (node:internal/process/task_queues:95:5)
    at async executeOperation (/home/zayn/development/attestify/backend/node_modules/mongodb/lib/operations/execute_operation.js:78:16)
    at async Collection.insertOne (/home/zayn/development/attestify/backend/node_modules/mongodb/lib/collection.js:154:16)

2026-02-10T11:05:44.281Z - MongoServerError: E11000 duplicate key error collection: attestify.credentials index: studentId_1 dup key: { studentId: null }
    at InsertOneOperation.handleOk (/home/zayn/development/attestify/backend/node_modules/mongodb/lib/operations/insert.js:51:19)
    at tryOperation (/home/zayn/development/attestify/backend/node_modules/mongodb/lib/operations/execute_operation.js:214:34)
    at process.processTicksAndRejections (node:internal/process/task_queues:95:5)
    at async executeOperation (/home/zayn/development/attestify/backend/node_modules/mongodb/lib/operations/execute_operation.js:78:16)
    at async Collection.insertOne (/home/zayn/development/attestify/backend/node_modules/mongodb/lib/collection.js:154:16)

